2026-05-04 09:15:51.962 SNAPSHOT inicial: 95 plugins habilitados
2026-05-04 09:15:51.963 PRESENT  id=com.intellij version=253.29346.138
2026-05-04 09:15:51.963 PRESENT  id=com.intellij.notebooks.core version=253.29346.138
2026-05-04 09:15:51.964 PRESENT  id=com.intellij.debugger.collections.visualizer version=253.29346.138
2026-05-04 09:15:51.964 PRESENT  id=org.jetbrains.plugins.yaml version=253.29346.138
2026-05-04 09:15:51.964 PRESENT  id=com.intellij.database version=253.29346.138
2026-05-04 09:15:51.965 PRESENT  id=com.intellij.dev version=253.29346.138
2026-05-04 09:15:51.965 PRESENT  id=com.android.tools.gradle.dcl version=253.29346.138
2026-05-04 09:15:51.965 PRESENT  id=com.intellij.java version=253.29346.138
2026-05-04 09:15:51.966 PRESENT  id=com.jetbrains.sh version=253.29346.138
2026-05-04 09:15:51.966 PRESENT  id=org.intellij.qodana version=253.29346.138
2026-05-04 09:15:51.966 PRESENT  id=org.jetbrains.completion.full.line version=253.29346.138
2026-05-04 09:15:51.966 PRESENT  id=hg4idea version=253.29346.138
2026-05-04 09:15:51.967 PRESENT  id=com.intellij.ja version=253.29346.138
2026-05-04 09:15:51.967 PRESENT  id=manjaro.mpb version=1.9
2026-05-04 09:15:51.967 PRESENT  id=org.editorconfig.editorconfigjetbrains version=253.29346.138
2026-05-04 09:15:51.968 PRESENT  id=com.intellij.zh version=253.29346.138
2026-05-04 09:15:51.968 PRESENT  id=training version=253.29346.138
2026-05-04 09:15:51.968 PRESENT  id=JavaScriptDebugger version=253.29346.138
2026-05-04 09:15:51.969 PRESENT  id=com.intellij.diagram version=253.29346.138
2026-05-04 09:15:51.969 PRESENT  id=org.toml.lang version=253.29346.138
2026-05-04 09:15:51.969 PRESENT  id=com.jetbrains.performancePlugin version=253.29346.138
2026-05-04 09:15:51.969 PRESENT  id=idea.plugin.protoeditor version=253.29346.138
2026-05-04 09:15:51.970 PRESENT  id=com.intellij.ko version=253.29346.138
2026-05-04 09:15:51.970 PRESENT  id=Subversion version=253.29346.138
2026-05-04 09:15:51.970 PRESENT  id=org.jetbrains.idea.reposearch version=253.29346.138
2026-05-04 09:15:51.970 PRESENT  id=org.jetbrains.plugins.textmate version=253.29346.138
2026-05-04 09:15:51.971 PRESENT  id=HtmlTools version=253.29346.138
2026-05-04 09:15:51.971 PRESENT  id=com.intellij.platform.images version=253.29346.138
2026-05-04 09:15:51.971 PRESENT  id=com.intellij.copyright version=253.29346.138
2026-05-04 09:15:51.972 PRESENT  id=org.jetbrains.debugger.streams version=253.29346.138
2026-05-04 09:15:51.972 PRESENT  id=com.intellij.javaee version=253.29346.138
2026-05-04 09:15:51.972 PRESENT  id=ByteCodeViewer version=253.29346.138
2026-05-04 09:15:51.972 PRESENT  id=com.intellij.java.ide version=253.29346.138
2026-05-04 09:15:51.973 PRESENT  id=com.intellij.kubernetes version=253.29346.138
2026-05-04 09:15:51.973 PRESENT  id=com.intellij.modules.json version=253.29346.138
2026-05-04 09:15:51.973 PRESENT  id=com.intellij.searcheverywhere.ml version=253.29346.138
2026-05-04 09:15:51.974 PRESENT  id=com.intellij.findusages.ml version=253.29346.138
2026-05-04 09:15:51.974 PRESENT  id=com.intellij.jsonpath version=253.29346.138
2026-05-04 09:15:51.974 PRESENT  id=com.intellij.configurationScript version=253.29346.138
2026-05-04 09:15:51.975 PRESENT  id=com.intellij.code.provenance version=253.29346.138
2026-05-04 09:15:51.975 PRESENT  id=intellij.git.commit.modal version=253.29346.138
2026-05-04 09:15:51.975 PRESENT  id=com.intellij.spring version=253.29346.138
2026-05-04 09:15:51.976 PRESENT  id=org.intellij.plugins.markdown version=253.29346.138
2026-05-04 09:15:51.976 PRESENT  id=Lombook Plugin version=253.29346.138
2026-05-04 09:15:51.976 PRESENT  id=org.jetbrains.java.decompiler version=253.29346.138
2026-05-04 09:15:51.977 PRESENT  id=org.jetbrains.idea.eclipse version=253.29346.138
2026-05-04 09:15:51.977 PRESENT  id=TestNG-J version=253.29346.138
2026-05-04 09:15:51.977 PRESENT  id=org.jetbrains.plugins.terminal version=253.29346.138
2026-05-04 09:15:51.977 PRESENT  id=com.intellij.properties version=253.29346.138
2026-05-04 09:15:51.978 PRESENT  id=com.intellij.spring.boot.initializr version=253.29346.138
2026-05-04 09:15:51.978 PRESENT  id=com.intellij.microservices.jvm version=253.29346.138
2026-05-04 09:15:51.978 PRESENT  id=com.intellij.jpa.jpb.model version=253.29346.138
2026-05-04 09:15:51.979 PRESENT  id=JUnit version=253.29346.138
2026-05-04 09:15:51.979 PRESENT  id=Coverage version=253.29346.138
2026-05-04 09:15:51.979 PRESENT  id=org.intellij.groovy version=253.29346.138
2026-05-04 09:15:51.980 PRESENT  id=com.intellij.java-i18n version=253.29346.138
2026-05-04 09:15:51.980 PRESENT  id=com.intellij.thymeleaf version=253.29346.138
2026-05-04 09:15:51.980 PRESENT  id=com.intellij.javaee.el version=253.29346.138
2026-05-04 09:15:51.980 PRESENT  id=com.intellij.gradle version=253.29346.138
2026-05-04 09:15:51.981 PRESENT  id=org.jetbrains.idea.gradle.dsl version=253.29346.138
2026-05-04 09:15:51.981 PRESENT  id=com.intellij.plugins.netbeanskeymap version=253.29346.138
2026-05-04 09:15:51.981 PRESENT  id=intellij.platform.ijent.impl version=253.29346.138
2026-05-04 09:15:51.982 PRESENT  id=es.iesclaradelrey.controlex version=1.4.1
2026-05-04 09:15:51.982 PRESENT  id=com.jetbrains.station version=253.29346.138
2026-05-04 09:15:51.982 PRESENT  id=Key Promoter X version=2024.2.2
2026-05-04 09:15:51.983 PRESENT  id=intellij.grid.plugin version=253.29346.138
2026-05-04 09:15:51.983 PRESENT  id=org.jetbrains.kotlin version=253.29346.138-IJ
2026-05-04 09:15:51.983 PRESENT  id=intellij.ktor version=253.29346.138
2026-05-04 09:15:51.983 PRESENT  id=com.intellij.plugins.visualstudiokeymap version=253.29346.138
2026-05-04 09:15:51.984 PRESENT  id=com.intellij.completion.ml.ranking version=253.29346.138
2026-05-04 09:15:51.984 PRESENT  id=com.intellij.swagger version=253.29346.138
2026-05-04 09:15:51.984 PRESENT  id=com.jetbrains.restClient version=253.29346.138
2026-05-04 09:15:51.985 PRESENT  id=intellij.indexing.shared.core version=253.29346.138
2026-05-04 09:15:51.985 PRESENT  id=com.jetbrains.remoteDevServer version=253.29346.138
2026-05-04 09:15:51.985 PRESENT  id=XPathView version=253.29346.138
2026-05-04 09:15:51.986 PRESENT  id=com.intellij.tasks version=253.29346.138
2026-05-04 09:15:51.986 PRESENT  id=intellij.jupyter version=253.29346.138
2026-05-04 09:15:51.986 PRESENT  id=org.jetbrains.plugins.kotlin.jupyter version=253.29346.138
2026-05-04 09:15:51.986 PRESENT  id=Docker version=253.29346.138
2026-05-04 09:15:51.987 PRESENT  id=tanvd.grazi version=253.29346.138
2026-05-04 09:15:51.987 PRESENT  id=com.intellij.compose version=253.29346.138
2026-05-04 09:15:51.987 PRESENT  id=com.intellij.plugins.eclipsekeymap version=253.29346.138
2026-05-04 09:15:51.988 PRESENT  id=Git4Idea version=253.29346.138
2026-05-04 09:15:51.988 PRESENT  id=org.jetbrains.plugins.gitlab version=253.29346.138
2026-05-04 09:15:51.988 PRESENT  id=com.intellij.settingsSync version=253.29346.138
2026-05-04 09:15:51.989 PRESENT  id=org.jetbrains.plugins.github version=253.29346.138
2026-05-04 09:15:51.989 PRESENT  id=org.jetbrains.idea.maven version=253.29346.138
2026-05-04 09:15:51.989 PRESENT  id=org.jetbrains.plugins.gradle version=253.29346.138
2026-05-04 09:15:51.989 PRESENT  id=izhangzhihao.rainbow.brackets version=2025.3.6
2026-05-04 09:15:51.990 PRESENT  id=com.intellij.mcpServer version=253.29346.138
2026-05-04 09:15:51.990 PRESENT  id=PerforceDirectPlugin version=253.29346.138
2026-05-04 09:15:51.990 PRESENT  id=com.jetbrains.codeWithMe version=253.29346.138
2026-05-04 09:15:51.999 PRESENT  id=org.jetbrains.security.package-checker version=253.29346.138
2026-05-04 09:15:51.999 PRESENT  id=com.intellij.microservices.ui version=253.29346.138
2026-05-04 09:15:51.999 PRESENT  id=com.jetbrains.performancePlugin.async version=253.29346.138
2026-05-04 09:15:52.000 [CONTROLEX] start  id=es.iesclaradelrey.controlex version=1.4.1
2026-05-04 09:55:41.335 UNLOAD   id=es.iesclaradelrey.controlex name="Controlex" version=1.4.1
2026-05-04 09:55:42.586 [CONTROLEX] stop   id=es.iesclaradelrey.controlex version=1.4.1
